0 info it worked if it ends with ok
1 verbose cli [ 'C:\\Program Files\\nodejs\\\\node.exe',
1 verbose cli   'C:\\Program Files\\nodejs\\node_modules\\npm\\bin\\npm-cli.js',
1 verbose cli   'install',
1 verbose cli   'examples/chat' ]
2 info using npm@1.4.21
3 info using node@v0.10.30
4 verbose node symlink C:\Program Files\nodejs\\node.exe
5 verbose cache add [ 'examples/chat', null ]
6 verbose cache add name=undefined spec="examples/chat" args=["examples/chat",null]
7 verbose parsed url { protocol: null,
7 verbose parsed url   slashes: null,
7 verbose parsed url   auth: null,
7 verbose parsed url   host: null,
7 verbose parsed url   port: null,
7 verbose parsed url   hostname: null,
7 verbose parsed url   hash: null,
7 verbose parsed url   search: null,
7 verbose parsed url   query: null,
7 verbose parsed url   pathname: 'examples/chat',
7 verbose parsed url   path: 'examples/chat',
7 verbose parsed url   href: 'examples/chat' }
8 silly lockFile 9f1f1342-examples-chat examples/chat
9 verbose lock examples/chat C:\Users\e.dyukarev\AppData\Roaming\npm-cache\9f1f1342-examples-chat.lock
10 info maybeGithub Attempting examples/chat from git://github.com/examples/chat
11 silly lockFile 50228a20-git-github-com-examples-chat git://github.com/examples/chat
12 verbose lock git://github.com/examples/chat C:\Users\e.dyukarev\AppData\Roaming\npm-cache\50228a20-git-github-com-examples-chat.lock
13 verbose addRemoteGit [ 'git://github.com/examples/chat', 'master' ]
14 warn `git config --get remote.origin.url` returned wrong result (git://github.com/examples/chat) undefined
14 warn `git config --get remote.origin.url` returned wrong result (git://github.com/examples/chat) undefined
15 verbose git clone git://github.com/examples/chat undefined
15 verbose git clone git://github.com/examples/chat undefined
16 silly lockFile 50228a20-git-github-com-examples-chat git://github.com/examples/chat
17 silly lockFile 50228a20-git-github-com-examples-chat git://github.com/examples/chat
18 info maybeGithub Attempting examples/chat from git+ssh://git@github.com:examples/chat
19 silly lockFile e3d6a1f3-git-github-com-examples-chat git@github.com:examples/chat
20 verbose lock git@github.com:examples/chat C:\Users\e.dyukarev\AppData\Roaming\npm-cache\e3d6a1f3-git-github-com-examples-chat.lock
21 verbose addRemoteGit [ 'git@github.com:examples/chat', 'master' ]
22 warn `git config --get remote.origin.url` returned wrong result (git@github.com:examples/chat) undefined
22 warn `git config --get remote.origin.url` returned wrong result (git@github.com:examples/chat) undefined
23 error git clone git@github.com:examples/chat undefined
23 error git clone git@github.com:examples/chat undefined
24 silly lockFile e3d6a1f3-git-github-com-examples-chat git@github.com:examples/chat
25 silly lockFile e3d6a1f3-git-github-com-examples-chat git@github.com:examples/chat
26 silly lockFile 9f1f1342-examples-chat examples/chat
27 silly lockFile 9f1f1342-examples-chat examples/chat
28 error addLocal Could not install examples/chat
29 error Error: ENOENT, stat 'D:\OpenServer\domains\localhost\study\node_chat\server\examples\chat'
30 error If you need help, you may report this *entire* log,
30 error including the npm and node versions, at:
30 error     <http://github.com/npm/npm/issues>
31 error System Windows_NT 6.1.7601
32 error command "C:\\Program Files\\nodejs\\\\node.exe" "C:\\Program Files\\nodejs\\node_modules\\npm\\bin\\npm-cli.js" "install" "examples/chat"
33 error cwd D:\OpenServer\domains\localhost\study\node_chat\server
34 error node -v v0.10.30
35 error npm -v 1.4.21
36 error path D:\OpenServer\domains\localhost\study\node_chat\server\examples\chat
37 error code ENOENT
38 error errno 34
39 verbose exit [ 34, true ]
